Using pre-set license
Built from '2020.3/release' branch; Version is '2020.3.27f1 (e759542391ea) revision 15161684'; Using compiler version '192528614'; Build Type 'Release'
OS: 'Windows 10  (10.0.18362) 64bit Enterprise' Language: 'en' Physical Memory: 16274 MB
BatchMode: 1, IsHumanControllingUs: 0, StartBugReporterOnCrash: 0, Is64bit: 1, IsPro: 0

COMMAND LINE ARGUMENTS:
C:\Program Files\Unity\Hub\Editor\2020.3.27f1\Editor\Unity.exe
-adb2
-batchMode
-noUpm
-name
AssetImportWorker0
-projectPath
C:/Users/IBroomell/Documents/GitHub/Fast-Shooter-Game/Fast Shooter Game
-logFile
Logs/AssetImportWorker0.log
-srvPort
59761
Successfully changed project path to: C:/Users/IBroomell/Documents/GitHub/Fast-Shooter-Game/Fast Shooter Game
C:/Users/IBroomell/Documents/GitHub/Fast-Shooter-Game/Fast Shooter Game
Using Asset Import Pipeline V2.
Refreshing native plugins compatible for Editor in 83.12 ms, found 2 plugins.
Preloading 0 native plugins for Editor in 0.00 ms.
Initialize engine version: 2020.3.27f1 (e759542391ea)
[Subsystems] Discovering subsystems at path C:/Program Files/Unity/Hub/Editor/2020.3.27f1/Editor/Data/Resources/UnitySubsystems
[Subsystems] Discovering subsystems at path C:/Users/IBroomell/Documents/GitHub/Fast-Shooter-Game/Fast Shooter Game/Assets
GfxDevice: creating device client; threaded=0
Direct3D:
    Version:  Direct3D 11.0 [level 11.1]
    Renderer: Radeon (TM) Pro WX 4100 (ID=0x67e3)
    Vendor:   
    VRAM:     4076 MB
    Driver:   26.20.11024.1
Initialize mono
Mono path[0] = 'C:/Program Files/Unity/Hub/Editor/2020.3.27f1/Editor/Data/Managed'
Mono path[1] = 'C:/Program Files/Unity/Hub/Editor/2020.3.27f1/Editor/Data/MonoBleedingEdge/lib/mono/unityjit'
Mono config path = 'C:/Program Files/Unity/Hub/Editor/2020.3.27f1/Editor/Data/MonoBleedingEdge/etc'
Using monoOptions --debugger-agent=transport=dt_socket,embedding=1,server=y,suspend=n,address=127.0.0.1:56648
Begin MonoManager ReloadAssembly
Registering precompiled unity dll's ...
Register platform support module: C:/Program Files/Unity/Hub/Editor/2020.3.27f1/Editor/Data/PlaybackEngines/WindowsStandaloneSupport/UnityEditor.WindowsStandalone.Extensions.dll
Registered in 0.001389 seconds.
Native extension for WindowsStandalone target not found
Refreshing native plugins compatible for Editor in 89.73 ms, found 2 plugins.
Preloading 0 native plugins for Editor in 0.00 ms.
Mono: successfully reloaded assembly
- Completed reload, in  0.701 seconds
Domain Reload Profiling:
	ReloadAssembly (701ms)
		BeginReloadAssembly (69ms)
			ExecutionOrderSort (0ms)
			DisableScriptedObjects (0ms)
			BackupInstance (0ms)
			ReleaseScriptingObjects (0ms)
			CreateAndSetChildDomain (1ms)
		EndReloadAssembly (556ms)
			LoadAssemblies (66ms)
			RebuildTransferFunctionScriptingTraits (0ms)
			SetupTypeCache (171ms)
			ReleaseScriptCaches (0ms)
			RebuildScriptCaches (37ms)
			SetupLoadedEditorAssemblies (236ms)
				LogAssemblyErrors (0ms)
				InitializePlatformSupportModulesInManaged (5ms)
				SetLoadedEditorAssemblies (0ms)
				RefreshPlugins (90ms)
				BeforeProcessingInitializeOnLoad (19ms)
				ProcessInitializeOnLoadAttributes (90ms)
				ProcessInitializeOnLoadMethodAttributes (32ms)
				AfterProcessingInitializeOnLoad (0ms)
				EditorAssembliesLoaded (0ms)
			ExecutionOrderSort2 (0ms)
			AwakeInstancesAfterBackupRestoration (0ms)
Platform modules already initialized, skipping
Registering precompiled user dll's ...
Registered in 0.004447 seconds.
Begin MonoManager ReloadAssembly
Native extension for WindowsStandalone target not found
Refreshing native plugins compatible for Editor in 94.22 ms, found 2 plugins.
Preloading 0 native plugins for Editor in 0.00 ms.
Mono: successfully reloaded assembly
- Completed reload, in  1.422 seconds
Domain Reload Profiling:
	ReloadAssembly (1423ms)
		BeginReloadAssembly (168ms)
			ExecutionOrderSort (0ms)
			DisableScriptedObjects (6ms)
			BackupInstance (0ms)
			ReleaseScriptingObjects (0ms)
			CreateAndSetChildDomain (25ms)
		EndReloadAssembly (1189ms)
			LoadAssemblies (107ms)
			RebuildTransferFunctionScriptingTraits (0ms)
			SetupTypeCache (415ms)
			ReleaseScriptCaches (1ms)
			RebuildScriptCaches (63ms)
			SetupLoadedEditorAssemblies (458ms)
				LogAssemblyErrors (0ms)
				InitializePlatformSupportModulesInManaged (4ms)
				SetLoadedEditorAssemblies (0ms)
				RefreshPlugins (94ms)
				BeforeProcessingInitializeOnLoad (104ms)
				ProcessInitializeOnLoadAttributes (238ms)
				ProcessInitializeOnLoadMethodAttributes (10ms)
				AfterProcessingInitializeOnLoad (7ms)
				EditorAssembliesLoaded (0ms)
			ExecutionOrderSort2 (0ms)
			AwakeInstancesAfterBackupRestoration (8ms)
Platform modules already initialized, skipping
========================================================================
Worker process is ready to serve import requests
Launched and connected shader compiler UnityShaderCompiler.exe after 0.04 seconds
Refreshing native plugins compatible for Editor in 1.03 ms, found 2 plugins.
Preloading 0 native plugins for Editor in 0.00 ms.
Unloading 3316 Unused Serialized files (Serialized files now loaded: 0)
System memory in use before: 155.7 MB.
System memory in use after: 155.9 MB.

Unloading 21 unused Assets to reduce memory usage. Loaded Objects now: 3753.
Total: 5.391900 ms (FindLiveObjects: 0.691300 ms CreateObjectMapping: 0.382000 ms MarkObjects: 4.167000 ms  DeleteObjects: 0.150600 ms)

AssetImportParameters requested are different than current active one (requested -> active):
  custom:framework-win-MediaFoundation: 216162199b28c13a410421893ffa2e32 -> 
  custom:video-decoder-ogg-theora: a1e56fd34408186e4bbccfd4996cb3dc -> 
  custom:container-muxer-webm: aa71ff27fc2769a1b78a27578f13a17b -> 
  custom:container-demuxer-webm: 4f35f7cbe854078d1ac9338744f61a02 -> 
  custom:container-demuxer-ogg: 62fdf1f143b41e24485cea50d1cbac27 -> 
  custom:video-encoder-webm-vp8: eb34c28f22e8b96e1ab97ce403110664 -> 
  custom:video-decoder-webm-vp8: 9c59270c3fd7afecdb556c50c9e8de78 -> 
  custom:audio-decoder-ogg-vorbis: bf7c407c2cedff20999df2af8eb42d56 -> 
  custom:audio-encoder-webm-vorbis: bf7c407c2cedff20999df2af8eb42d56 -> 
========================================================================
Received Import Request.
  path: Assets/Scripts/Scriptable Objects/Weapons/Rifles/AKM Modded.asset
  artifactKey: Guid(12a8f2614f3d26043b5c08c084dcec6f) Importer(815301076,1909f56bfc062723c751e8b465ee728b)
Start importing Assets/Scripts/Scriptable Objects/Weapons/Rifles/AKM Modded.asset using Guid(12a8f2614f3d26043b5c08c084dcec6f) Importer(815301076,1909f56bfc062723c751e8b465ee728b)  -> (artifact id: '5016f5e200261c920a60d850cb0ed76f') in 0.051657 seconds 
  Import took 0.059478 seconds .

========================================================================
Received Import Request.
  Time since last request: 8.241595 seconds.
  path: Assets/Prefabs/Weapons/AK74M.prefab
  artifactKey: Guid(963d6ea44f2b1584f9d3eb27913e8f8b) Importer(815301076,1909f56bfc062723c751e8b465ee728b)
Start importing Assets/Prefabs/Weapons/AK74M.prefab using Guid(963d6ea44f2b1584f9d3eb27913e8f8b) Importer(815301076,1909f56bfc062723c751e8b465ee728b)  -> (artifact id: '35c4664f712cb1ec881239c871bd2a70') in 0.257669 seconds 
  Import took 0.264702 seconds .

========================================================================
Received Import Request.
  Time since last request: 19.096745 seconds.
  path: Assets/Prefabs/Weapons/M4A1.prefab
  artifactKey: Guid(171e0c9ea1d89d74ab435bfd11c62e2e) Importer(815301076,1909f56bfc062723c751e8b465ee728b)
Start importing Assets/Prefabs/Weapons/M4A1.prefab using Guid(171e0c9ea1d89d74ab435bfd11c62e2e) Importer(815301076,1909f56bfc062723c751e8b465ee728b)  -> (artifact id: 'fe9af66772f1e0d184ddc43de85214df') in 0.019909 seconds 
  Import took 0.031176 seconds .

========================================================================
Received Prepare
Refreshing native plugins compatible for Editor in 4.00 ms, found 2 plugins.
Preloading 0 native plugins for Editor in 0.00 ms.
Unloading 14 Unused Serialized files (Serialized files now loaded: 0)
System memory in use before: 86.0 MB.
System memory in use after: 86.2 MB.

Unloading 14 unused Assets to reduce memory usage. Loaded Objects now: 3827.
Total: 6.050700 ms (FindLiveObjects: 0.436400 ms CreateObjectMapping: 0.369100 ms MarkObjects: 5.148100 ms  DeleteObjects: 0.096000 ms)

AssetImportParameters requested are different than current active one (requested -> active):
  custom:framework-win-MediaFoundation: 216162199b28c13a410421893ffa2e32 -> 
  custom:video-decoder-ogg-theora: a1e56fd34408186e4bbccfd4996cb3dc -> 
  custom:container-muxer-webm: aa71ff27fc2769a1b78a27578f13a17b -> 
  custom:container-demuxer-webm: 4f35f7cbe854078d1ac9338744f61a02 -> 
  custom:container-demuxer-ogg: 62fdf1f143b41e24485cea50d1cbac27 -> 
  custom:video-encoder-webm-vp8: eb34c28f22e8b96e1ab97ce403110664 -> 
  custom:video-decoder-webm-vp8: 9c59270c3fd7afecdb556c50c9e8de78 -> 
  custom:audio-decoder-ogg-vorbis: bf7c407c2cedff20999df2af8eb42d56 -> 
  custom:audio-encoder-webm-vorbis: bf7c407c2cedff20999df2af8eb42d56 -> 
========================================================================
Received Import Request.
  Time since last request: 17.512994 seconds.
  path: Assets/Prefabs/Weapons/M4A1.prefab
  artifactKey: Guid(171e0c9ea1d89d74ab435bfd11c62e2e) Importer(815301076,1909f56bfc062723c751e8b465ee728b)
Start importing Assets/Prefabs/Weapons/M4A1.prefab using Guid(171e0c9ea1d89d74ab435bfd11c62e2e) Importer(815301076,1909f56bfc062723c751e8b465ee728b)  -> (artifact id: 'e67225793aa5638be1f7ce27ce77e2db') in 0.014952 seconds 
  Import took 0.022040 seconds .

========================================================================
Received Import Request.
  Time since last request: 11.310893 seconds.
  path: Assets/Prefabs/Weapons/M4A1.prefab
  artifactKey: Guid(171e0c9ea1d89d74ab435bfd11c62e2e) Importer(815301076,1909f56bfc062723c751e8b465ee728b)
Start importing Assets/Prefabs/Weapons/M4A1.prefab using Guid(171e0c9ea1d89d74ab435bfd11c62e2e) Importer(815301076,1909f56bfc062723c751e8b465ee728b)  -> (artifact id: 'b117b01957aa35d47c7607354ab49e44') in 0.016101 seconds 
  Import took 0.022968 seconds .

========================================================================
Received Import Request.
  Time since last request: 9.231879 seconds.
  path: Assets/Prefabs/Weapons/M4A1.prefab
  artifactKey: Guid(171e0c9ea1d89d74ab435bfd11c62e2e) Importer(815301076,1909f56bfc062723c751e8b465ee728b)
Start importing Assets/Prefabs/Weapons/M4A1.prefab using Guid(171e0c9ea1d89d74ab435bfd11c62e2e) Importer(815301076,1909f56bfc062723c751e8b465ee728b)  -> (artifact id: '01403fa78a44edfb056ecc3b15e616e2') in 0.017744 seconds 
  Import took 0.025360 seconds .

========================================================================
Received Import Request.
  Time since last request: 7.848753 seconds.
  path: Assets/Prefabs/Weapons/M4A1.prefab
  artifactKey: Guid(171e0c9ea1d89d74ab435bfd11c62e2e) Importer(815301076,1909f56bfc062723c751e8b465ee728b)
Start importing Assets/Prefabs/Weapons/M4A1.prefab using Guid(171e0c9ea1d89d74ab435bfd11c62e2e) Importer(815301076,1909f56bfc062723c751e8b465ee728b)  -> (artifact id: '33db2c786c785e697e4c878009e266d7') in 0.020319 seconds 
  Import took 0.029614 seconds .

========================================================================
Received Import Request.
  Time since last request: 285.146994 seconds.
  path: Assets/Prefabs/Weapons/AK74M.prefab
  artifactKey: Guid(963d6ea44f2b1584f9d3eb27913e8f8b) Importer(815301076,1909f56bfc062723c751e8b465ee728b)
Start importing Assets/Prefabs/Weapons/AK74M.prefab using Guid(963d6ea44f2b1584f9d3eb27913e8f8b) Importer(815301076,1909f56bfc062723c751e8b465ee728b)  -> (artifact id: '2fb428391595559ebe14696e4eb7b9a1') in 0.021512 seconds 
  Import took 0.032070 seconds .

========================================================================
Received Import Request.
  Time since last request: 24.685825 seconds.
  path: Assets/Prefabs/Weapons/AK74M.prefab
  artifactKey: Guid(963d6ea44f2b1584f9d3eb27913e8f8b) Importer(815301076,1909f56bfc062723c751e8b465ee728b)
Start importing Assets/Prefabs/Weapons/AK74M.prefab using Guid(963d6ea44f2b1584f9d3eb27913e8f8b) Importer(815301076,1909f56bfc062723c751e8b465ee728b)  -> (artifact id: '6a2e346599f54ad570caa11a0980355f') in 0.017109 seconds 
  Import took 0.023893 seconds .

========================================================================
Received Import Request.
  Time since last request: 64.739303 seconds.
  path: Assets/Prefabs/Weapons/AK74M.prefab
  artifactKey: Guid(963d6ea44f2b1584f9d3eb27913e8f8b) Importer(815301076,1909f56bfc062723c751e8b465ee728b)
Start importing Assets/Prefabs/Weapons/AK74M.prefab using Guid(963d6ea44f2b1584f9d3eb27913e8f8b) Importer(815301076,1909f56bfc062723c751e8b465ee728b)  -> (artifact id: 'd39060a69be9c3ce85a55a60905cb74d') in 0.017208 seconds 
  Import took 0.024204 seconds .

========================================================================
Received Prepare
Registering precompiled user dll's ...
Registered in 0.007352 seconds.
Begin MonoManager ReloadAssembly
Native extension for WindowsStandalone target not found
Refreshing native plugins compatible for Editor in 0.89 ms, found 2 plugins.
Preloading 0 native plugins for Editor in 0.00 ms.
Mono: successfully reloaded assembly
- Completed reload, in  1.397 seconds
Domain Reload Profiling:
	ReloadAssembly (1397ms)
		BeginReloadAssembly (195ms)
			ExecutionOrderSort (0ms)
			DisableScriptedObjects (8ms)
			BackupInstance (0ms)
			ReleaseScriptingObjects (0ms)
			CreateAndSetChildDomain (57ms)
		EndReloadAssembly (1125ms)
			LoadAssemblies (131ms)
			RebuildTransferFunctionScriptingTraits (0ms)
			SetupTypeCache (450ms)
			ReleaseScriptCaches (2ms)
			RebuildScriptCaches (57ms)
			SetupLoadedEditorAssemblies (359ms)
				LogAssemblyErrors (0ms)
				InitializePlatformSupportModulesInManaged (4ms)
				SetLoadedEditorAssemblies (1ms)
				RefreshPlugins (1ms)
				BeforeProcessingInitializeOnLoad (100ms)
				ProcessInitializeOnLoadAttributes (239ms)
				ProcessInitializeOnLoadMethodAttributes (9ms)
				AfterProcessingInitializeOnLoad (5ms)
				EditorAssembliesLoaded (0ms)
			ExecutionOrderSort2 (0ms)
			AwakeInstancesAfterBackupRestoration (17ms)
Platform modules already initialized, skipping
Refreshing native plugins compatible for Editor in 1.02 ms, found 2 plugins.
Preloading 0 native plugins for Editor in 0.00 ms.
Unloading 3151 Unused Serialized files (Serialized files now loaded: 0)
System memory in use before: 148.2 MB.
System memory in use after: 148.4 MB.

Unloading 16 unused Assets to reduce memory usage. Loaded Objects now: 3802.
Total: 4.697100 ms (FindLiveObjects: 0.384000 ms CreateObjectMapping: 0.409000 ms MarkObjects: 3.806400 ms  DeleteObjects: 0.096500 ms)

AssetImportParameters requested are different than current active one (requested -> active):
  custom:framework-win-MediaFoundation: 216162199b28c13a410421893ffa2e32 -> 
  custom:video-decoder-ogg-theora: a1e56fd34408186e4bbccfd4996cb3dc -> 
  custom:container-muxer-webm: aa71ff27fc2769a1b78a27578f13a17b -> 
  custom:container-demuxer-webm: 4f35f7cbe854078d1ac9338744f61a02 -> 
  custom:container-demuxer-ogg: 62fdf1f143b41e24485cea50d1cbac27 -> 
  custom:video-encoder-webm-vp8: eb34c28f22e8b96e1ab97ce403110664 -> 
  custom:video-decoder-webm-vp8: 9c59270c3fd7afecdb556c50c9e8de78 -> 
  custom:audio-decoder-ogg-vorbis: bf7c407c2cedff20999df2af8eb42d56 -> 
  custom:audio-encoder-webm-vorbis: bf7c407c2cedff20999df2af8eb42d56 -> 
========================================================================
Received Import Request.
  Time since last request: 83.636982 seconds.
  path: Assets/Prefabs/Weapons/AKM Modded.prefab
  artifactKey: Guid(64e41e5f5dd4f3e43a9648e8171bd574) Importer(815301076,1909f56bfc062723c751e8b465ee728b)
Start importing Assets/Prefabs/Weapons/AKM Modded.prefab using Guid(64e41e5f5dd4f3e43a9648e8171bd574) Importer(815301076,1909f56bfc062723c751e8b465ee728b)  -> (artifact id: 'e294be21edf4e474dac7742870bc9c93') in 0.209262 seconds 
  Import took 0.216846 seconds .

========================================================================
Received Prepare
Registering precompiled user dll's ...
Registered in 0.011372 seconds.
Begin MonoManager ReloadAssembly
Native extension for WindowsStandalone target not found
Refreshing native plugins compatible for Editor in 1.02 ms, found 2 plugins.
Preloading 0 native plugins for Editor in 0.00 ms.
Mono: successfully reloaded assembly
- Completed reload, in  1.271 seconds
Domain Reload Profiling:
	ReloadAssembly (1272ms)
		BeginReloadAssembly (162ms)
			ExecutionOrderSort (0ms)
			DisableScriptedObjects (9ms)
			BackupInstance (0ms)
			ReleaseScriptingObjects (0ms)
			CreateAndSetChildDomain (59ms)
		EndReloadAssembly (1042ms)
			LoadAssemblies (110ms)
			RebuildTransferFunctionScriptingTraits (0ms)
			SetupTypeCache (401ms)
			ReleaseScriptCaches (2ms)
			RebuildScriptCaches (46ms)
			SetupLoadedEditorAssemblies (341ms)
				LogAssemblyErrors (0ms)
				InitializePlatformSupportModulesInManaged (4ms)
				SetLoadedEditorAssemblies (1ms)
				RefreshPlugins (1ms)
				BeforeProcessingInitializeOnLoad (95ms)
				ProcessInitializeOnLoadAttributes (227ms)
				ProcessInitializeOnLoadMethodAttributes (9ms)
				AfterProcessingInitializeOnLoad (4ms)
				EditorAssembliesLoaded (0ms)
			ExecutionOrderSort2 (0ms)
			AwakeInstancesAfterBackupRestoration (17ms)
Platform modules already initialized, skipping
Refreshing native plugins compatible for Editor in 0.87 ms, found 2 plugins.
Preloading 0 native plugins for Editor in 0.00 ms.
Unloading 3151 Unused Serialized files (Serialized files now loaded: 0)
System memory in use before: 148.4 MB.
System memory in use after: 148.6 MB.

Unloading 16 unused Assets to reduce memory usage. Loaded Objects now: 3840.
Total: 4.501300 ms (FindLiveObjects: 0.351700 ms CreateObjectMapping: 0.324100 ms MarkObjects: 3.702800 ms  DeleteObjects: 0.121700 ms)

AssetImportParameters requested are different than current active one (requested -> active):
  custom:framework-win-MediaFoundation: 216162199b28c13a410421893ffa2e32 -> 
  custom:video-decoder-ogg-theora: a1e56fd34408186e4bbccfd4996cb3dc -> 
  custom:container-muxer-webm: aa71ff27fc2769a1b78a27578f13a17b -> 
  custom:container-demuxer-webm: 4f35f7cbe854078d1ac9338744f61a02 -> 
  custom:container-demuxer-ogg: 62fdf1f143b41e24485cea50d1cbac27 -> 
  custom:video-encoder-webm-vp8: eb34c28f22e8b96e1ab97ce403110664 -> 
  custom:video-decoder-webm-vp8: 9c59270c3fd7afecdb556c50c9e8de78 -> 
  custom:audio-decoder-ogg-vorbis: bf7c407c2cedff20999df2af8eb42d56 -> 
  custom:audio-encoder-webm-vorbis: bf7c407c2cedff20999df2af8eb42d56 -> 
AssetImportWorkerClient::OnTransportError - code=2 error=End of file
