Using pre-set license
Built from '2020.3/release' branch; Version is '2020.3.27f1 (e759542391ea) revision 15161684'; Using compiler version '192528614'; Build Type 'Release'
OS: 'Windows 10  (10.0.19043) 64bit Core' Language: 'en' Physical Memory: 32682 MB
BatchMode: 1, IsHumanControllingUs: 0, StartBugReporterOnCrash: 0, Is64bit: 1, IsPro: 0

COMMAND LINE ARGUMENTS:
C:\Program Files\Unity\Hub\Editor\2020.3.27f1\Editor\Unity.exe
-adb2
-batchMode
-noUpm
-name
AssetImportWorker0
-projectPath
C:/Users/slapr/Documents/GitHub/Fast-Shooter-Game/Fast Shooter Game
-logFile
Logs/AssetImportWorker0.log
-srvPort
53993
Successfully changed project path to: C:/Users/slapr/Documents/GitHub/Fast-Shooter-Game/Fast Shooter Game
C:/Users/slapr/Documents/GitHub/Fast-Shooter-Game/Fast Shooter Game
Using Asset Import Pipeline V2.
Refreshing native plugins compatible for Editor in 67.49 ms, found 2 plugins.
Preloading 0 native plugins for Editor in 0.00 ms.
Initialize engine version: 2020.3.27f1 (e759542391ea)
[Subsystems] Discovering subsystems at path C:/Program Files/Unity/Hub/Editor/2020.3.27f1/Editor/Data/Resources/UnitySubsystems
[Subsystems] Discovering subsystems at path C:/Users/slapr/Documents/GitHub/Fast-Shooter-Game/Fast Shooter Game/Assets
GfxDevice: creating device client; threaded=0
Direct3D:
    Version:  Direct3D 11.0 [level 11.1]
    Renderer: NVIDIA GeForce GTX 1660 Ti (ID=0x2182)
    Vendor:   
    VRAM:     5991 MB
    Driver:   30.0.15.1123
Initialize mono
Mono path[0] = 'C:/Program Files/Unity/Hub/Editor/2020.3.27f1/Editor/Data/Managed'
Mono path[1] = 'C:/Program Files/Unity/Hub/Editor/2020.3.27f1/Editor/Data/MonoBleedingEdge/lib/mono/unityjit'
Mono config path = 'C:/Program Files/Unity/Hub/Editor/2020.3.27f1/Editor/Data/MonoBleedingEdge/etc'
Using monoOptions --debugger-agent=transport=dt_socket,embedding=1,server=y,suspend=n,address=127.0.0.1:56084
Begin MonoManager ReloadAssembly
Registering precompiled unity dll's ...
Register platform support module: C:/Program Files/Unity/Hub/Editor/2020.3.27f1/Editor/Data/PlaybackEngines/WindowsStandaloneSupport/UnityEditor.WindowsStandalone.Extensions.dll
Registered in 0.005492 seconds.
Native extension for WindowsStandalone target not found
Refreshing native plugins compatible for Editor in 62.87 ms, found 2 plugins.
Preloading 0 native plugins for Editor in 0.00 ms.
Mono: successfully reloaded assembly
- Completed reload, in  0.607 seconds
Domain Reload Profiling:
	ReloadAssembly (607ms)
		BeginReloadAssembly (88ms)
			ExecutionOrderSort (0ms)
			DisableScriptedObjects (0ms)
			BackupInstance (0ms)
			ReleaseScriptingObjects (0ms)
			CreateAndSetChildDomain (1ms)
		EndReloadAssembly (434ms)
			LoadAssemblies (84ms)
			RebuildTransferFunctionScriptingTraits (0ms)
			SetupTypeCache (134ms)
			ReleaseScriptCaches (0ms)
			RebuildScriptCaches (24ms)
			SetupLoadedEditorAssemblies (173ms)
				LogAssemblyErrors (0ms)
				InitializePlatformSupportModulesInManaged (4ms)
				SetLoadedEditorAssemblies (0ms)
				RefreshPlugins (63ms)
				BeforeProcessingInitializeOnLoad (15ms)
				ProcessInitializeOnLoadAttributes (67ms)
				ProcessInitializeOnLoadMethodAttributes (23ms)
				AfterProcessingInitializeOnLoad (0ms)
				EditorAssembliesLoaded (0ms)
			ExecutionOrderSort2 (0ms)
			AwakeInstancesAfterBackupRestoration (0ms)
Platform modules already initialized, skipping
Registering precompiled user dll's ...
Registered in 0.009065 seconds.
Begin MonoManager ReloadAssembly
Native extension for WindowsStandalone target not found
Refreshing native plugins compatible for Editor in 60.93 ms, found 2 plugins.
Preloading 0 native plugins for Editor in 0.00 ms.
Mono: successfully reloaded assembly
- Completed reload, in  1.123 seconds
Domain Reload Profiling:
	ReloadAssembly (1124ms)
		BeginReloadAssembly (163ms)
			ExecutionOrderSort (0ms)
			DisableScriptedObjects (4ms)
			BackupInstance (0ms)
			ReleaseScriptingObjects (0ms)
			CreateAndSetChildDomain (18ms)
		EndReloadAssembly (887ms)
			LoadAssemblies (125ms)
			RebuildTransferFunctionScriptingTraits (0ms)
			SetupTypeCache (280ms)
			ReleaseScriptCaches (1ms)
			RebuildScriptCaches (42ms)
			SetupLoadedEditorAssemblies (353ms)
				LogAssemblyErrors (0ms)
				InitializePlatformSupportModulesInManaged (4ms)
				SetLoadedEditorAssemblies (0ms)
				RefreshPlugins (61ms)
				BeforeProcessingInitializeOnLoad (102ms)
				ProcessInitializeOnLoadAttributes (162ms)
				ProcessInitializeOnLoadMethodAttributes (8ms)
				AfterProcessingInitializeOnLoad (16ms)
				EditorAssembliesLoaded (0ms)
			ExecutionOrderSort2 (0ms)
			AwakeInstancesAfterBackupRestoration (5ms)
Platform modules already initialized, skipping
========================================================================
Worker process is ready to serve import requests
Launched and connected shader compiler UnityShaderCompiler.exe after 0.06 seconds
Refreshing native plugins compatible for Editor in 1.13 ms, found 2 plugins.
Preloading 0 native plugins for Editor in 0.00 ms.
Unloading 2953 Unused Serialized files (Serialized files now loaded: 0)
System memory in use before: 141.4 MB.
System memory in use after: 141.6 MB.

Unloading 20 unused Assets to reduce memory usage. Loaded Objects now: 3390.
Total: 3.664700 ms (FindLiveObjects: 0.312400 ms CreateObjectMapping: 0.069100 ms MarkObjects: 3.189100 ms  DeleteObjects: 0.092800 ms)

AssetImportParameters requested are different than current active one (requested -> active):
  custom:framework-win-MediaFoundation: 216162199b28c13a410421893ffa2e32 -> 
  custom:video-decoder-ogg-theora: a1e56fd34408186e4bbccfd4996cb3dc -> 
  custom:container-muxer-webm: aa71ff27fc2769a1b78a27578f13a17b -> 
  custom:container-demuxer-webm: 4f35f7cbe854078d1ac9338744f61a02 -> 
  custom:container-demuxer-ogg: 62fdf1f143b41e24485cea50d1cbac27 -> 
  custom:video-encoder-webm-vp8: eb34c28f22e8b96e1ab97ce403110664 -> 
  custom:video-codec-MediaFoundation-h265: e54d7ab0439102e2317fc1e4b246158d -> 
  custom:video-decoder-webm-vp8: 9c59270c3fd7afecdb556c50c9e8de78 -> 
  custom:audio-decoder-ogg-vorbis: bf7c407c2cedff20999df2af8eb42d56 -> 
  custom:audio-encoder-webm-vorbis: bf7c407c2cedff20999df2af8eb42d56 -> 
========================================================================
Received Import Request.
  path: Assets/Prefabs/Weapon Pickups/MK16 pickup.prefab
  artifactKey: Guid(26b437c3ccd16a94c94daa328db85d8e) Importer(815301076,1909f56bfc062723c751e8b465ee728b)
Start importing Assets/Prefabs/Weapon Pickups/MK16 pickup.prefab using Guid(26b437c3ccd16a94c94daa328db85d8e) Importer(815301076,1909f56bfc062723c751e8b465ee728b)  -> (artifact id: 'f26b8ac2fa5d0c32a99d2a1f89b6274c') in 0.295082 seconds 
  Import took 0.302047 seconds .

========================================================================
Received Import Request.
  Time since last request: 29.628845 seconds.
  path: Assets/Imported/Ishikawa1116/LOW-POLY GUNS PACK/Prefabs/Black and common color/Attachment/Suppressor_00.prefab
  artifactKey: Guid(9b11ded36ccef00478d6b87167ee51d2) Importer(815301076,1909f56bfc062723c751e8b465ee728b)
Start importing Assets/Imported/Ishikawa1116/LOW-POLY GUNS PACK/Prefabs/Black and common color/Attachment/Suppressor_00.prefab using Guid(9b11ded36ccef00478d6b87167ee51d2) Importer(815301076,1909f56bfc062723c751e8b465ee728b)  -> (artifact id: 'b582ecf39f0a47bfa9fbc66cb03981c8') in 0.019415 seconds 
  Import took 0.024648 seconds .

========================================================================
Received Import Request.
  Time since last request: 0.968408 seconds.
  path: Assets/Imported/Ishikawa1116/LOW-POLY GUNS PACK/Prefabs/Black and common color/Attachment/Suppressor_01.prefab
  artifactKey: Guid(e5cc32bbc3801574f904193fc7cec9e5) Importer(815301076,1909f56bfc062723c751e8b465ee728b)
Start importing Assets/Imported/Ishikawa1116/LOW-POLY GUNS PACK/Prefabs/Black and common color/Attachment/Suppressor_01.prefab using Guid(e5cc32bbc3801574f904193fc7cec9e5) Importer(815301076,1909f56bfc062723c751e8b465ee728b)  -> (artifact id: 'aa6eabdf46bc9a52e4478be748906bb5') in 0.015977 seconds 
  Import took 0.020965 seconds .

========================================================================
Received Import Request.
  Time since last request: 67.349897 seconds.
  path: Assets/Prefabs/Weapon Pickups/MK16 pickup.prefab
  artifactKey: Guid(26b437c3ccd16a94c94daa328db85d8e) Importer(815301076,1909f56bfc062723c751e8b465ee728b)
Start importing Assets/Prefabs/Weapon Pickups/MK16 pickup.prefab using Guid(26b437c3ccd16a94c94daa328db85d8e) Importer(815301076,1909f56bfc062723c751e8b465ee728b)  -> (artifact id: '214e95fa048c56ed70b8a760310069b8') in 0.071822 seconds 
  Import took 0.079263 seconds .

========================================================================
Received Import Request.
  Time since last request: 50.002190 seconds.
  path: Assets/Prefabs/Weapons/MK16.prefab
  artifactKey: Guid(0ae81f321ab21a943ac74c92976e38fc) Importer(815301076,1909f56bfc062723c751e8b465ee728b)
Start importing Assets/Prefabs/Weapons/MK16.prefab using Guid(0ae81f321ab21a943ac74c92976e38fc) Importer(815301076,1909f56bfc062723c751e8b465ee728b)  -> (artifact id: 'a79a2db770412884fbd5a4aa401de739') in 0.065343 seconds 
  Import took 0.072245 seconds .

========================================================================
Received Import Request.
  Time since last request: 56.907118 seconds.
  path: Assets/Prefabs/Weapons/MK16.prefab
  artifactKey: Guid(0ae81f321ab21a943ac74c92976e38fc) Importer(815301076,1909f56bfc062723c751e8b465ee728b)
Start importing Assets/Prefabs/Weapons/MK16.prefab using Guid(0ae81f321ab21a943ac74c92976e38fc) Importer(815301076,1909f56bfc062723c751e8b465ee728b)  -> (artifact id: '427eaf82bbf026de6e7e2fb86ce44e4b') in 0.066369 seconds 
  Import took 0.073151 seconds .

========================================================================
Received Prepare
Registering precompiled user dll's ...
Registered in 0.008909 seconds.
Begin MonoManager ReloadAssembly
Native extension for WindowsStandalone target not found
Refreshing native plugins compatible for Editor in 0.84 ms, found 2 plugins.
Preloading 0 native plugins for Editor in 0.00 ms.
Mono: successfully reloaded assembly
- Completed reload, in  1.074 seconds
Domain Reload Profiling:
	ReloadAssembly (1074ms)
		BeginReloadAssembly (156ms)
			ExecutionOrderSort (0ms)
			DisableScriptedObjects (6ms)
			BackupInstance (0ms)
			ReleaseScriptingObjects (0ms)
			CreateAndSetChildDomain (36ms)
		EndReloadAssembly (845ms)
			LoadAssemblies (136ms)
			RebuildTransferFunctionScriptingTraits (0ms)
			SetupTypeCache (275ms)
			ReleaseScriptCaches (1ms)
			RebuildScriptCaches (35ms)
			SetupLoadedEditorAssemblies (299ms)
				LogAssemblyErrors (0ms)
				InitializePlatformSupportModulesInManaged (4ms)
				SetLoadedEditorAssemblies (0ms)
				RefreshPlugins (1ms)
				BeforeProcessingInitializeOnLoad (100ms)
				ProcessInitializeOnLoadAttributes (170ms)
				ProcessInitializeOnLoadMethodAttributes (7ms)
				AfterProcessingInitializeOnLoad (17ms)
				EditorAssembliesLoaded (0ms)
			ExecutionOrderSort2 (0ms)
			AwakeInstancesAfterBackupRestoration (14ms)
Platform modules already initialized, skipping
Refreshing native plugins compatible for Editor in 0.81 ms, found 2 plugins.
Preloading 0 native plugins for Editor in 0.00 ms.
Unloading 2810 Unused Serialized files (Serialized files now loaded: 0)
System memory in use before: 149.7 MB.
System memory in use after: 150.0 MB.

Unloading 15 unused Assets to reduce memory usage. Loaded Objects now: 3439.
Total: 3.209200 ms (FindLiveObjects: 0.298400 ms CreateObjectMapping: 0.068200 ms MarkObjects: 2.826100 ms  DeleteObjects: 0.015600 ms)

AssetImportParameters requested are different than current active one (requested -> active):
  custom:framework-win-MediaFoundation: 216162199b28c13a410421893ffa2e32 -> 
  custom:video-decoder-ogg-theora: a1e56fd34408186e4bbccfd4996cb3dc -> 
  custom:container-muxer-webm: aa71ff27fc2769a1b78a27578f13a17b -> 
  custom:container-demuxer-webm: 4f35f7cbe854078d1ac9338744f61a02 -> 
  custom:container-demuxer-ogg: 62fdf1f143b41e24485cea50d1cbac27 -> 
  custom:video-encoder-webm-vp8: eb34c28f22e8b96e1ab97ce403110664 -> 
  custom:video-codec-MediaFoundation-h265: e54d7ab0439102e2317fc1e4b246158d -> 
  custom:video-decoder-webm-vp8: 9c59270c3fd7afecdb556c50c9e8de78 -> 
  custom:audio-decoder-ogg-vorbis: bf7c407c2cedff20999df2af8eb42d56 -> 
  custom:audio-encoder-webm-vorbis: bf7c407c2cedff20999df2af8eb42d56 -> 
========================================================================
Received Import Request.
  Time since last request: 64.426758 seconds.
  path: Assets/Imported/Real Recorded Guns
  artifactKey: Guid(d8f91787fa2557f4dbaad69491788ecc) Importer(815301076,1909f56bfc062723c751e8b465ee728b)
Start importing Assets/Imported/Real Recorded Guns using Guid(d8f91787fa2557f4dbaad69491788ecc) Importer(815301076,1909f56bfc062723c751e8b465ee728b)  -> (artifact id: 'bcb73c7909aa2de1a3694f419730caa3') in 0.007685 seconds 
  Import took 0.013526 seconds .

========================================================================
Received Import Request.
  Time since last request: 5.844431 seconds.
  path: Assets/Imported/Real Recorded Guns/AR 15/AR15_Draw.wav
  artifactKey: Guid(18528bf7cac99264bbe6574b9e1444ec) Importer(815301076,1909f56bfc062723c751e8b465ee728b)
Start importing Assets/Imported/Real Recorded Guns/AR 15/AR15_Draw.wav using Guid(18528bf7cac99264bbe6574b9e1444ec) Importer(815301076,1909f56bfc062723c751e8b465ee728b)  -> (artifact id: '261afea936dcc8fcf1412a14945106fa') in 0.106598 seconds 
  Import took 0.111418 seconds .

========================================================================
Received Import Request.
  Time since last request: 3.156812 seconds.
  path: Assets/Imported/Real Recorded Guns/AR 15/AR15_Holster.wav
  artifactKey: Guid(09485e12f96f3f845996cd0e71732dc4) Importer(815301076,1909f56bfc062723c751e8b465ee728b)
Start importing Assets/Imported/Real Recorded Guns/AR 15/AR15_Holster.wav using Guid(09485e12f96f3f845996cd0e71732dc4) Importer(815301076,1909f56bfc062723c751e8b465ee728b)  -> (artifact id: 'a97438a9b59f21733950ca2abf20531a') in 0.009534 seconds 
  Import took 0.014385 seconds .

========================================================================
Received Import Request.
  Time since last request: 2.631828 seconds.
  path: Assets/Imported/Real Recorded Guns/AR 15/AR15_Mag_In.wav
  artifactKey: Guid(56522b9bed5965449a6abcae2e5a04f4) Importer(815301076,1909f56bfc062723c751e8b465ee728b)
Start importing Assets/Imported/Real Recorded Guns/AR 15/AR15_Mag_In.wav using Guid(56522b9bed5965449a6abcae2e5a04f4) Importer(815301076,1909f56bfc062723c751e8b465ee728b)  -> (artifact id: 'a131b4ab7a475aa1768f74d613ab4270') in 0.009636 seconds 
  Import took 0.014426 seconds .

========================================================================
Received Import Request.
  Time since last request: 2.601137 seconds.
  path: Assets/Imported/Real Recorded Guns/AR 15/AR15_Mag_Out.wav
  artifactKey: Guid(dc50982dc369c824bb9a027c0834a906) Importer(815301076,1909f56bfc062723c751e8b465ee728b)
Start importing Assets/Imported/Real Recorded Guns/AR 15/AR15_Mag_Out.wav using Guid(dc50982dc369c824bb9a027c0834a906) Importer(815301076,1909f56bfc062723c751e8b465ee728b)  -> (artifact id: '68048263ce289e77deca59da0ab3538c') in 0.010821 seconds 
  Import took 0.015811 seconds .

========================================================================
Received Import Request.
  Time since last request: 3.135935 seconds.
  path: Assets/Imported/Real Recorded Guns/AR 15/AR15_Reload.wav
  artifactKey: Guid(50e54d4fd53a94945a12ed94652208ab) Importer(815301076,1909f56bfc062723c751e8b465ee728b)
Start importing Assets/Imported/Real Recorded Guns/AR 15/AR15_Reload.wav using Guid(50e54d4fd53a94945a12ed94652208ab) Importer(815301076,1909f56bfc062723c751e8b465ee728b)  -> (artifact id: 'bedebe38590352b81ed1a47125de3a8d') in 0.009439 seconds 
  Import took 0.014273 seconds .

========================================================================
Received Import Request.
  Time since last request: 3.410935 seconds.
  path: Assets/Imported/Real Recorded Guns/AR 15/AR15_Single_Shot.wav
  artifactKey: Guid(10799b9e9a68e934ea66e31d1799c2b1) Importer(815301076,1909f56bfc062723c751e8b465ee728b)
Start importing Assets/Imported/Real Recorded Guns/AR 15/AR15_Single_Shot.wav using Guid(10799b9e9a68e934ea66e31d1799c2b1) Importer(815301076,1909f56bfc062723c751e8b465ee728b)  -> (artifact id: '70da613ba90d15293aab44a29424fbdd') in 0.009443 seconds 
  Import took 0.014209 seconds .

========================================================================
Received Import Request.
  Time since last request: 2.572080 seconds.
  path: Assets/Imported/Real Recorded Guns/AR 15/AR15_Single_Shot_(Suppressed)_2.wav
  artifactKey: Guid(a6199f6d6d3c2664d92fd478a9138a94) Importer(815301076,1909f56bfc062723c751e8b465ee728b)
Start importing Assets/Imported/Real Recorded Guns/AR 15/AR15_Single_Shot_(Suppressed)_2.wav using Guid(a6199f6d6d3c2664d92fd478a9138a94) Importer(815301076,1909f56bfc062723c751e8b465ee728b)  -> (artifact id: '6e20af14c65729f7f62bdb933a37b4db') in 0.009166 seconds 
  Import took 0.013894 seconds .

========================================================================
Received Import Request.
  Time since last request: 0.371149 seconds.
  path: Assets/Imported/Real Recorded Guns/AR 15/AR15_Single_Shot_(Suppressed).wav
  artifactKey: Guid(ffdf95d53528bb6429b5bfb6eefcd54a) Importer(815301076,1909f56bfc062723c751e8b465ee728b)
Start importing Assets/Imported/Real Recorded Guns/AR 15/AR15_Single_Shot_(Suppressed).wav using Guid(ffdf95d53528bb6429b5bfb6eefcd54a) Importer(815301076,1909f56bfc062723c751e8b465ee728b)  -> (artifact id: '9bc032d76c2cf7d513c0c7e3d2317eef') in 0.009512 seconds 
  Import took 0.014264 seconds .

========================================================================
Received Import Request.
  Time since last request: 12.456343 seconds.
  path: Assets/Imported/Real Recorded Guns/AR 15/AR15_Single_Shot_2.wav
  artifactKey: Guid(7af26aecf62b2204ea56225effb0f1f5) Importer(815301076,1909f56bfc062723c751e8b465ee728b)
Start importing Assets/Imported/Real Recorded Guns/AR 15/AR15_Single_Shot_2.wav using Guid(7af26aecf62b2204ea56225effb0f1f5) Importer(815301076,1909f56bfc062723c751e8b465ee728b)  -> (artifact id: 'd741a6db344cc7f46fcb4aefe7af8b0d') in 0.012678 seconds 
  Import took 0.017745 seconds .

========================================================================
Received Import Request.
  Time since last request: 2.813743 seconds.
  path: Assets/Imported/Real Recorded Guns/AR 15/AR15_Single_Shot_3.wav
  artifactKey: Guid(802f9b167a73a8a4f92030683034a600) Importer(815301076,1909f56bfc062723c751e8b465ee728b)
Start importing Assets/Imported/Real Recorded Guns/AR 15/AR15_Single_Shot_3.wav using Guid(802f9b167a73a8a4f92030683034a600) Importer(815301076,1909f56bfc062723c751e8b465ee728b)  -> (artifact id: '3a0daaf8d9edb7fe1b02f51f613e7044') in 0.009764 seconds 
  Import took 0.014641 seconds .

========================================================================
Received Import Request.
  Time since last request: 3.222253 seconds.
  path: Assets/Imported/Real Recorded Guns/AR 15/AR15_Single_Shot_(Suppressed)_3.wav
  artifactKey: Guid(07295c26ed57f3b4ea63335748882450) Importer(815301076,1909f56bfc062723c751e8b465ee728b)
Start importing Assets/Imported/Real Recorded Guns/AR 15/AR15_Single_Shot_(Suppressed)_3.wav using Guid(07295c26ed57f3b4ea63335748882450) Importer(815301076,1909f56bfc062723c751e8b465ee728b)  -> (artifact id: 'd995d0efee8a4a2f787ef15bcacf370f') in 0.009603 seconds 
  Import took 0.014434 seconds .

========================================================================
Received Prepare
Registering precompiled user dll's ...
Registered in 0.010463 seconds.
Begin MonoManager ReloadAssembly
Native extension for WindowsStandalone target not found
Refreshing native plugins compatible for Editor in 0.86 ms, found 2 plugins.
Preloading 0 native plugins for Editor in 0.00 ms.
Mono: successfully reloaded assembly
- Completed reload, in  1.117 seconds
Domain Reload Profiling:
	ReloadAssembly (1118ms)
		BeginReloadAssembly (170ms)
			ExecutionOrderSort (0ms)
			DisableScriptedObjects (4ms)
			BackupInstance (0ms)
			ReleaseScriptingObjects (0ms)
			CreateAndSetChildDomain (34ms)
		EndReloadAssembly (869ms)
			LoadAssemblies (155ms)
			RebuildTransferFunctionScriptingTraits (0ms)
			SetupTypeCache (268ms)
			ReleaseScriptCaches (1ms)
			RebuildScriptCaches (35ms)
			SetupLoadedEditorAssemblies (321ms)
				LogAssemblyErrors (0ms)
				InitializePlatformSupportModulesInManaged (4ms)
				SetLoadedEditorAssemblies (0ms)
				RefreshPlugins (1ms)
				BeforeProcessingInitializeOnLoad (115ms)
				ProcessInitializeOnLoadAttributes (178ms)
				ProcessInitializeOnLoadMethodAttributes (8ms)
				AfterProcessingInitializeOnLoad (16ms)
				EditorAssembliesLoaded (0ms)
			ExecutionOrderSort2 (0ms)
			AwakeInstancesAfterBackupRestoration (13ms)
Platform modules already initialized, skipping
Refreshing native plugins compatible for Editor in 0.86 ms, found 2 plugins.
Preloading 0 native plugins for Editor in 0.00 ms.
Unloading 2810 Unused Serialized files (Serialized files now loaded: 0)
System memory in use before: 149.8 MB.
System memory in use after: 150.1 MB.

Unloading 15 unused Assets to reduce memory usage. Loaded Objects now: 3444.
Total: 3.317100 ms (FindLiveObjects: 0.315800 ms CreateObjectMapping: 0.071400 ms MarkObjects: 2.912400 ms  DeleteObjects: 0.016300 ms)

AssetImportParameters requested are different than current active one (requested -> active):
  custom:framework-win-MediaFoundation: 216162199b28c13a410421893ffa2e32 -> 
  custom:video-decoder-ogg-theora: a1e56fd34408186e4bbccfd4996cb3dc -> 
  custom:container-muxer-webm: aa71ff27fc2769a1b78a27578f13a17b -> 
  custom:container-demuxer-webm: 4f35f7cbe854078d1ac9338744f61a02 -> 
  custom:container-demuxer-ogg: 62fdf1f143b41e24485cea50d1cbac27 -> 
  custom:video-encoder-webm-vp8: eb34c28f22e8b96e1ab97ce403110664 -> 
  custom:video-codec-MediaFoundation-h265: e54d7ab0439102e2317fc1e4b246158d -> 
  custom:video-decoder-webm-vp8: 9c59270c3fd7afecdb556c50c9e8de78 -> 
  custom:audio-decoder-ogg-vorbis: bf7c407c2cedff20999df2af8eb42d56 -> 
  custom:audio-encoder-webm-vorbis: bf7c407c2cedff20999df2af8eb42d56 -> 
========================================================================
Received Prepare
Registering precompiled user dll's ...
Registered in 0.010191 seconds.
Begin MonoManager ReloadAssembly
Native extension for WindowsStandalone target not found
Refreshing native plugins compatible for Editor in 1.21 ms, found 2 plugins.
Preloading 0 native plugins for Editor in 0.00 ms.
Mono: successfully reloaded assembly
- Completed reload, in  1.177 seconds
Domain Reload Profiling:
	ReloadAssembly (1178ms)
		BeginReloadAssembly (144ms)
			ExecutionOrderSort (0ms)
			DisableScriptedObjects (4ms)
			BackupInstance (0ms)
			ReleaseScriptingObjects (0ms)
			CreateAndSetChildDomain (34ms)
		EndReloadAssembly (954ms)
			LoadAssemblies (137ms)
			RebuildTransferFunctionScriptingTraits (0ms)
			SetupTypeCache (313ms)
			ReleaseScriptCaches (1ms)
			RebuildScriptCaches (45ms)
			SetupLoadedEditorAssemblies (342ms)
				LogAssemblyErrors (0ms)
				InitializePlatformSupportModulesInManaged (5ms)
				SetLoadedEditorAssemblies (1ms)
				RefreshPlugins (1ms)
				BeforeProcessingInitializeOnLoad (111ms)
				ProcessInitializeOnLoadAttributes (197ms)
				ProcessInitializeOnLoadMethodAttributes (9ms)
				AfterProcessingInitializeOnLoad (18ms)
				EditorAssembliesLoaded (0ms)
			ExecutionOrderSort2 (0ms)
			AwakeInstancesAfterBackupRestoration (16ms)
Platform modules already initialized, skipping
Refreshing native plugins compatible for Editor in 1.24 ms, found 2 plugins.
Preloading 0 native plugins for Editor in 0.00 ms.
Unloading 2810 Unused Serialized files (Serialized files now loaded: 0)
System memory in use before: 149.9 MB.
System memory in use after: 150.1 MB.

Unloading 15 unused Assets to reduce memory usage. Loaded Objects now: 3446.
Total: 3.623700 ms (FindLiveObjects: 0.418800 ms CreateObjectMapping: 0.070700 ms MarkObjects: 3.114600 ms  DeleteObjects: 0.018500 ms)

AssetImportParameters requested are different than current active one (requested -> active):
  custom:framework-win-MediaFoundation: 216162199b28c13a410421893ffa2e32 -> 
  custom:video-decoder-ogg-theora: a1e56fd34408186e4bbccfd4996cb3dc -> 
  custom:container-muxer-webm: aa71ff27fc2769a1b78a27578f13a17b -> 
  custom:container-demuxer-webm: 4f35f7cbe854078d1ac9338744f61a02 -> 
  custom:container-demuxer-ogg: 62fdf1f143b41e24485cea50d1cbac27 -> 
  custom:video-encoder-webm-vp8: eb34c28f22e8b96e1ab97ce403110664 -> 
  custom:video-codec-MediaFoundation-h265: e54d7ab0439102e2317fc1e4b246158d -> 
  custom:video-decoder-webm-vp8: 9c59270c3fd7afecdb556c50c9e8de78 -> 
  custom:audio-decoder-ogg-vorbis: bf7c407c2cedff20999df2af8eb42d56 -> 
  custom:audio-encoder-webm-vorbis: bf7c407c2cedff20999df2af8eb42d56 -> 
========================================================================
Received Import Request.
  Time since last request: 314.707933 seconds.
  path: Assets/Prefabs/Weapons/M1A.prefab
  artifactKey: Guid(5ec3313cf2d2db74ebd9a7491371110a) Importer(815301076,1909f56bfc062723c751e8b465ee728b)
Start importing Assets/Prefabs/Weapons/M1A.prefab using Guid(5ec3313cf2d2db74ebd9a7491371110a) Importer(815301076,1909f56bfc062723c751e8b465ee728b)  -> (artifact id: '3944ada44b58ced2d30cd601f2bdabf2') in 0.203935 seconds 
  Import took 0.210509 seconds .

========================================================================
Received Import Request.
  Time since last request: 12.845450 seconds.
  path: Assets/Imported/Real Recorded Guns/AK 47/AKM_Cocking.wav
  artifactKey: Guid(85c5c5e42e64aab438016334105e95d1) Importer(815301076,1909f56bfc062723c751e8b465ee728b)
Start importing Assets/Imported/Real Recorded Guns/AK 47/AKM_Cocking.wav using Guid(85c5c5e42e64aab438016334105e95d1) Importer(815301076,1909f56bfc062723c751e8b465ee728b)  -> (artifact id: '93d2944ca2bb62cf60b6f1e0fc92e1d4') in 0.013617 seconds 
  Import took 0.018648 seconds .

========================================================================
Received Import Request.
  Time since last request: 0.000217 seconds.
  path: Assets/Imported/Real Recorded Guns/AK 47/AKM_Mag_IN.wav
  artifactKey: Guid(7674d1d6cbae3364e99d9a18fdd37ae1) Importer(815301076,1909f56bfc062723c751e8b465ee728b)
Start importing Assets/Imported/Real Recorded Guns/AK 47/AKM_Mag_IN.wav using Guid(7674d1d6cbae3364e99d9a18fdd37ae1) Importer(815301076,1909f56bfc062723c751e8b465ee728b)  -> (artifact id: '10179791adbd039d49523c6ede12cdaa') in 0.012423 seconds 
  Import took 0.018027 seconds .

========================================================================
Received Import Request.
  Time since last request: 0.000225 seconds.
  path: Assets/Imported/Real Recorded Guns/AK 47/AKM_Draw_2.wav
  artifactKey: Guid(256af22d983939f4fb2c76d4198568ac) Importer(815301076,1909f56bfc062723c751e8b465ee728b)
Start importing Assets/Imported/Real Recorded Guns/AK 47/AKM_Draw_2.wav using Guid(256af22d983939f4fb2c76d4198568ac) Importer(815301076,1909f56bfc062723c751e8b465ee728b)  -> (artifact id: '6587345569d3ee6df123fbe43bf50c95') in 0.023060 seconds 
  Import took 0.027907 seconds .

========================================================================
Received Import Request.
  Time since last request: 0.000291 seconds.
  path: Assets/Imported/Real Recorded Guns/AK 47/AKM_Mag_Out.wav
  artifactKey: Guid(9f3df996f8edca248be410b67dcc9d66) Importer(815301076,1909f56bfc062723c751e8b465ee728b)
Start importing Assets/Imported/Real Recorded Guns/AK 47/AKM_Mag_Out.wav using Guid(9f3df996f8edca248be410b67dcc9d66) Importer(815301076,1909f56bfc062723c751e8b465ee728b)  -> (artifact id: '453e2b1566e121af183753060992eea2') in 0.012203 seconds 
  Import took 0.016983 seconds .

========================================================================
Received Import Request.
  Time since last request: 0.000187 seconds.
  path: Assets/Imported/Real Recorded Guns/AK 47/AKM_Draw.wav
  artifactKey: Guid(b7dbceff983dc7140bd6b2acc0a357aa) Importer(815301076,1909f56bfc062723c751e8b465ee728b)
Start importing Assets/Imported/Real Recorded Guns/AK 47/AKM_Draw.wav using Guid(b7dbceff983dc7140bd6b2acc0a357aa) Importer(815301076,1909f56bfc062723c751e8b465ee728b)  -> (artifact id: '895208bf2839fa99e59dd5fcaf652cca') in 0.013162 seconds 
  Import took 0.017928 seconds .

========================================================================
Received Import Request.
  Time since last request: 0.000305 seconds.
  path: Assets/Imported/Real Recorded Guns/AK 47/AKM_Cocking_2.wav
  artifactKey: Guid(35d0eabb2ee069c4189445bb7624f0be) Importer(815301076,1909f56bfc062723c751e8b465ee728b)
Start importing Assets/Imported/Real Recorded Guns/AK 47/AKM_Cocking_2.wav using Guid(35d0eabb2ee069c4189445bb7624f0be) Importer(815301076,1909f56bfc062723c751e8b465ee728b)  -> (artifact id: '8136887c0df3342bbaeac7c226069ef6') in 0.012436 seconds 
  Import took 0.018157 seconds .

========================================================================
Received Import Request.
  Time since last request: 0.000217 seconds.
  path: Assets/Imported/Real Recorded Guns/AK 47/AKM_Holster_2.wav
  artifactKey: Guid(f25e12af2408fab44be5e3cabd43e048) Importer(815301076,1909f56bfc062723c751e8b465ee728b)
Start importing Assets/Imported/Real Recorded Guns/AK 47/AKM_Holster_2.wav using Guid(f25e12af2408fab44be5e3cabd43e048) Importer(815301076,1909f56bfc062723c751e8b465ee728b)  -> (artifact id: '29bde83ad2fd04a197e07127bb6bd25d') in 0.010169 seconds 
  Import took 0.015499 seconds .

========================================================================
Received Import Request.
  Time since last request: 0.000209 seconds.
  path: Assets/Imported/Real Recorded Guns/AK 47/AKM_Holster.wav
  artifactKey: Guid(b2fe6818e51341b41bf2442063c65775) Importer(815301076,1909f56bfc062723c751e8b465ee728b)
Start importing Assets/Imported/Real Recorded Guns/AK 47/AKM_Holster.wav using Guid(b2fe6818e51341b41bf2442063c65775) Importer(815301076,1909f56bfc062723c751e8b465ee728b)  -> (artifact id: '30f9d0f9b11a9e2039cac194825bbc17') in 0.012840 seconds 
  Import took 0.017641 seconds .

========================================================================
Received Import Request.
  Time since last request: 1.772226 seconds.
  path: Assets/Imported/sounds/Gunshot.wav
  artifactKey: Guid(bd150dccc2902da43876c1a0c5cfcd5c) Importer(815301076,1909f56bfc062723c751e8b465ee728b)
Start importing Assets/Imported/sounds/Gunshot.wav using Guid(bd150dccc2902da43876c1a0c5cfcd5c) Importer(815301076,1909f56bfc062723c751e8b465ee728b)  -> (artifact id: '7348fdf6487264db2e8ec6f6a36e9633') in 0.013445 seconds 
  Import took 0.018628 seconds .

========================================================================
Received Import Request.
  Time since last request: 279.628062 seconds.
  path: Assets/Prefabs/Weapons/MK16.prefab
  artifactKey: Guid(0ae81f321ab21a943ac74c92976e38fc) Importer(815301076,1909f56bfc062723c751e8b465ee728b)
Start importing Assets/Prefabs/Weapons/MK16.prefab using Guid(0ae81f321ab21a943ac74c92976e38fc) Importer(815301076,1909f56bfc062723c751e8b465ee728b)  -> (artifact id: '40537477a529ff690600676fcfa7a4b2') in 0.084150 seconds 
  Import took 0.091937 seconds .

========================================================================
Received Prepare
Registering precompiled user dll's ...
Registered in 0.010700 seconds.
Begin MonoManager ReloadAssembly
Native extension for WindowsStandalone target not found
Refreshing native plugins compatible for Editor in 1.23 ms, found 2 plugins.
Preloading 0 native plugins for Editor in 0.00 ms.
Mono: successfully reloaded assembly
- Completed reload, in  1.150 seconds
Domain Reload Profiling:
	ReloadAssembly (1151ms)
		BeginReloadAssembly (159ms)
			ExecutionOrderSort (0ms)
			DisableScriptedObjects (6ms)
			BackupInstance (0ms)
			ReleaseScriptingObjects (0ms)
			CreateAndSetChildDomain (39ms)
		EndReloadAssembly (914ms)
			LoadAssemblies (145ms)
			RebuildTransferFunctionScriptingTraits (0ms)
			SetupTypeCache (279ms)
			ReleaseScriptCaches (1ms)
			RebuildScriptCaches (39ms)
			SetupLoadedEditorAssemblies (345ms)
				LogAssemblyErrors (0ms)
				InitializePlatformSupportModulesInManaged (4ms)
				SetLoadedEditorAssemblies (0ms)
				RefreshPlugins (1ms)
				BeforeProcessingInitializeOnLoad (120ms)
				ProcessInitializeOnLoadAttributes (191ms)
				ProcessInitializeOnLoadMethodAttributes (11ms)
				AfterProcessingInitializeOnLoad (17ms)
				EditorAssembliesLoaded (0ms)
			ExecutionOrderSort2 (0ms)
			AwakeInstancesAfterBackupRestoration (14ms)
Platform modules already initialized, skipping
Refreshing native plugins compatible for Editor in 0.82 ms, found 2 plugins.
Preloading 0 native plugins for Editor in 0.00 ms.
Unloading 2810 Unused Serialized files (Serialized files now loaded: 0)
System memory in use before: 150.0 MB.
System memory in use after: 150.3 MB.

Unloading 15 unused Assets to reduce memory usage. Loaded Objects now: 3484.
Total: 3.965900 ms (FindLiveObjects: 0.366800 ms CreateObjectMapping: 0.076700 ms MarkObjects: 3.502600 ms  DeleteObjects: 0.018500 ms)

AssetImportParameters requested are different than current active one (requested -> active):
  custom:framework-win-MediaFoundation: 216162199b28c13a410421893ffa2e32 -> 
  custom:video-decoder-ogg-theora: a1e56fd34408186e4bbccfd4996cb3dc -> 
  custom:container-muxer-webm: aa71ff27fc2769a1b78a27578f13a17b -> 
  custom:container-demuxer-webm: 4f35f7cbe854078d1ac9338744f61a02 -> 
  custom:container-demuxer-ogg: 62fdf1f143b41e24485cea50d1cbac27 -> 
  custom:video-encoder-webm-vp8: eb34c28f22e8b96e1ab97ce403110664 -> 
  custom:video-codec-MediaFoundation-h265: e54d7ab0439102e2317fc1e4b246158d -> 
  custom:video-decoder-webm-vp8: 9c59270c3fd7afecdb556c50c9e8de78 -> 
  custom:audio-decoder-ogg-vorbis: bf7c407c2cedff20999df2af8eb42d56 -> 
  custom:audio-encoder-webm-vorbis: bf7c407c2cedff20999df2af8eb42d56 -> 
========================================================================
Received Import Request.
  Time since last request: 37.894419 seconds.
  path: Assets/Imported/GLASSOFCOINS - FPS low poly fps/attachements/attachments_prefabs/dot_sight_prefab.prefab
  artifactKey: Guid(1018ab29243794846a01fbd81988db95) Importer(815301076,1909f56bfc062723c751e8b465ee728b)
Start importing Assets/Imported/GLASSOFCOINS - FPS low poly fps/attachements/attachments_prefabs/dot_sight_prefab.prefab using Guid(1018ab29243794846a01fbd81988db95) Importer(815301076,1909f56bfc062723c751e8b465ee728b)  -> (artifact id: '7d3b5daef642088af642380fa3d25e5c') in 0.168131 seconds 
  Import took 0.173706 seconds .

========================================================================
Received Import Request.
  Time since last request: 0.472846 seconds.
  path: Assets/Imported/GLASSOFCOINS - FPS low poly fps/attachements/attachments_prefabs/Laser_Module_prefab.prefab
  artifactKey: Guid(dab64f0728d77d2418f0f33212a47303) Importer(815301076,1909f56bfc062723c751e8b465ee728b)
Start importing Assets/Imported/GLASSOFCOINS - FPS low poly fps/attachements/attachments_prefabs/Laser_Module_prefab.prefab using Guid(dab64f0728d77d2418f0f33212a47303) Importer(815301076,1909f56bfc062723c751e8b465ee728b)  -> (artifact id: '97b166787385e951e26759a4cd0bad39') in 0.012766 seconds 
  Import took 0.018330 seconds .

========================================================================
Received Import Request.
  Time since last request: 0.456436 seconds.
  path: Assets/Imported/GLASSOFCOINS - FPS low poly fps/attachements/attachments_prefabs/Sniper_Scope_prefab.prefab
  artifactKey: Guid(3edf8ca5424fc2345b6a1fe0a0475014) Importer(815301076,1909f56bfc062723c751e8b465ee728b)
Start importing Assets/Imported/GLASSOFCOINS - FPS low poly fps/attachements/attachments_prefabs/Sniper_Scope_prefab.prefab using Guid(3edf8ca5424fc2345b6a1fe0a0475014) Importer(815301076,1909f56bfc062723c751e8b465ee728b)  -> (artifact id: 'cbfaeaca09e9ee9207b0de1789ab6027') in 0.011582 seconds 
  Import took 0.017236 seconds .

========================================================================
Received Prepare
Registering precompiled user dll's ...
Registered in 0.009146 seconds.
Begin MonoManager ReloadAssembly
Native extension for WindowsStandalone target not found
Refreshing native plugins compatible for Editor in 0.88 ms, found 2 plugins.
Preloading 0 native plugins for Editor in 0.00 ms.
Mono: successfully reloaded assembly
- Completed reload, in  1.116 seconds
Domain Reload Profiling:
	ReloadAssembly (1117ms)
		BeginReloadAssembly (147ms)
			ExecutionOrderSort (0ms)
			DisableScriptedObjects (6ms)
			BackupInstance (0ms)
			ReleaseScriptingObjects (0ms)
			CreateAndSetChildDomain (35ms)
		EndReloadAssembly (893ms)
			LoadAssemblies (133ms)
			RebuildTransferFunctionScriptingTraits (0ms)
			SetupTypeCache (295ms)
			ReleaseScriptCaches (1ms)
			RebuildScriptCaches (40ms)
			SetupLoadedEditorAssemblies (318ms)
				LogAssemblyErrors (0ms)
				InitializePlatformSupportModulesInManaged (4ms)
				SetLoadedEditorAssemblies (0ms)
				RefreshPlugins (1ms)
				BeforeProcessingInitializeOnLoad (117ms)
				ProcessInitializeOnLoadAttributes (172ms)
				ProcessInitializeOnLoadMethodAttributes (8ms)
				AfterProcessingInitializeOnLoad (16ms)
				EditorAssembliesLoaded (0ms)
			ExecutionOrderSort2 (0ms)
			AwakeInstancesAfterBackupRestoration (13ms)
Platform modules already initialized, skipping
Refreshing native plugins compatible for Editor in 1.15 ms, found 2 plugins.
Preloading 0 native plugins for Editor in 0.00 ms.
Unloading 2810 Unused Serialized files (Serialized files now loaded: 0)
System memory in use before: 150.2 MB.
System memory in use after: 150.4 MB.

Unloading 15 unused Assets to reduce memory usage. Loaded Objects now: 3522.
Total: 3.421300 ms (FindLiveObjects: 0.357500 ms CreateObjectMapping: 0.068300 ms MarkObjects: 2.979200 ms  DeleteObjects: 0.015100 ms)

AssetImportParameters requested are different than current active one (requested -> active):
  custom:framework-win-MediaFoundation: 216162199b28c13a410421893ffa2e32 -> 
  custom:video-decoder-ogg-theora: a1e56fd34408186e4bbccfd4996cb3dc -> 
  custom:container-muxer-webm: aa71ff27fc2769a1b78a27578f13a17b -> 
  custom:container-demuxer-webm: 4f35f7cbe854078d1ac9338744f61a02 -> 
  custom:container-demuxer-ogg: 62fdf1f143b41e24485cea50d1cbac27 -> 
  custom:video-encoder-webm-vp8: eb34c28f22e8b96e1ab97ce403110664 -> 
  custom:video-codec-MediaFoundation-h265: e54d7ab0439102e2317fc1e4b246158d -> 
  custom:video-decoder-webm-vp8: 9c59270c3fd7afecdb556c50c9e8de78 -> 
  custom:audio-decoder-ogg-vorbis: bf7c407c2cedff20999df2af8eb42d56 -> 
  custom:audio-encoder-webm-vorbis: bf7c407c2cedff20999df2af8eb42d56 -> 
========================================================================
Received Prepare
Registering precompiled user dll's ...
Registered in 0.009115 seconds.
Begin MonoManager ReloadAssembly
Native extension for WindowsStandalone target not found
Refreshing native plugins compatible for Editor in 0.84 ms, found 2 plugins.
Preloading 0 native plugins for Editor in 0.00 ms.
Mono: successfully reloaded assembly
- Completed reload, in  1.089 seconds
Domain Reload Profiling:
	ReloadAssembly (1090ms)
		BeginReloadAssembly (140ms)
			ExecutionOrderSort (0ms)
			DisableScriptedObjects (4ms)
			BackupInstance (0ms)
			ReleaseScriptingObjects (0ms)
			CreateAndSetChildDomain (32ms)
		EndReloadAssembly (874ms)
			LoadAssemblies (128ms)
			RebuildTransferFunctionScriptingTraits (0ms)
			SetupTypeCache (285ms)
			ReleaseScriptCaches (1ms)
			RebuildScriptCaches (38ms)
			SetupLoadedEditorAssemblies (316ms)
				LogAssemblyErrors (0ms)
				InitializePlatformSupportModulesInManaged (5ms)
				SetLoadedEditorAssemblies (0ms)
				RefreshPlugins (1ms)
				BeforeProcessingInitializeOnLoad (105ms)
				ProcessInitializeOnLoadAttributes (180ms)
				ProcessInitializeOnLoadMethodAttributes (8ms)
				AfterProcessingInitializeOnLoad (16ms)
				EditorAssembliesLoaded (0ms)
			ExecutionOrderSort2 (0ms)
			AwakeInstancesAfterBackupRestoration (14ms)
Platform modules already initialized, skipping
Refreshing native plugins compatible for Editor in 0.88 ms, found 2 plugins.
Preloading 0 native plugins for Editor in 0.00 ms.
Unloading 2810 Unused Serialized files (Serialized files now loaded: 0)
System memory in use before: 150.2 MB.
System memory in use after: 150.4 MB.

Unloading 15 unused Assets to reduce memory usage. Loaded Objects now: 3524.
Total: 3.433600 ms (FindLiveObjects: 0.317100 ms CreateObjectMapping: 0.186200 ms MarkObjects: 2.913300 ms  DeleteObjects: 0.015800 ms)

AssetImportParameters requested are different than current active one (requested -> active):
  custom:framework-win-MediaFoundation: 216162199b28c13a410421893ffa2e32 -> 
  custom:video-decoder-ogg-theora: a1e56fd34408186e4bbccfd4996cb3dc -> 
  custom:container-muxer-webm: aa71ff27fc2769a1b78a27578f13a17b -> 
  custom:container-demuxer-webm: 4f35f7cbe854078d1ac9338744f61a02 -> 
  custom:container-demuxer-ogg: 62fdf1f143b41e24485cea50d1cbac27 -> 
  custom:video-encoder-webm-vp8: eb34c28f22e8b96e1ab97ce403110664 -> 
  custom:video-codec-MediaFoundation-h265: e54d7ab0439102e2317fc1e4b246158d -> 
  custom:video-decoder-webm-vp8: 9c59270c3fd7afecdb556c50c9e8de78 -> 
  custom:audio-decoder-ogg-vorbis: bf7c407c2cedff20999df2af8eb42d56 -> 
  custom:audio-encoder-webm-vorbis: bf7c407c2cedff20999df2af8eb42d56 -> 
AssetImportWorkerClient::OnTransportError - code=2 error=End of file
